  소스.cpp
C:\Program Files (x86)\Microsoft Visual Studio\2019\Community\VC\Tools\MSVC\14.29.30133\include\type_traits(1534,98): warning C4244: '인수': '__int64'에서 'int'(으)로 변환하면서 데이터가 손실될 수 있습니다.
C:\Program Files (x86)\Microsoft Visual Studio\2019\Community\VC\Tools\MSVC\14.29.30133\include\thread(51): message : 컴파일되는 함수 템플릿 인스턴스화 'void std::invoke<void(__cdecl *)(int,int),unsigned __int64,__int64>(_Callable &&,_Ty1 &&,__int64 &&) noexcept(false)'에 대한 참조를 확인하세요.
          with
          [
              _Callable=void (__cdecl *)(int,int),
              _Ty1=unsigned __int64
          ]
C:\Program Files (x86)\Microsoft Visual Studio\2019\Community\VC\Tools\MSVC\14.29.30133\include\thread(61): message : 컴파일되는 함수 템플릿 인스턴스화 'unsigned int std::thread::_Invoke<_Tuple,0,1,2>(void *) noexcept'에 대한 참조를 확인하세요.
          with
          [
              _Tuple=_Tuple
          ]
C:\Program Files (x86)\Microsoft Visual Studio\2019\Community\VC\Tools\MSVC\14.29.30133\include\thread(66): message : 컴파일되는 함수 템플릿 인스턴스화 'unsigned int (__stdcall *std::thread::_Get_invoke<_Tuple,0,1,2>(std::integer_sequence<size_t,0,1,2>) noexcept)(void *)'에 대한 참조를 확인하세요.
C:\Program Files (x86)\Microsoft Visual Studio\2019\Community\VC\Tools\MSVC\14.29.30133\include\thread(89): message : 컴파일되는 함수 템플릿 인스턴스화 'void std::thread::_Start<void(__cdecl &)(int,int),unsigned __int64&,__int64&>(_Fn,unsigned __int64 &,__int64 &)'에 대한 참조를 확인하세요.
          with
          [
              _Fn=void (__cdecl &)(int,int)
          ]
C:\Users\arkchimy\Documents\_Algorithm\C++호기심\What is Variable\디버깅 메모리 창 보는연습\소스.cpp(29): message : 컴파일되는 함수 템플릿 인스턴스화 'std::thread::thread<void(__cdecl &)(int,int),unsigned __int64&,__int64&,0>(_Fn,unsigned __int64 &,__int64 &)'에 대한 참조를 확인하세요.
          with
          [
              _Fn=void (__cdecl &)(int,int)
          ]
C:\Program Files (x86)\Microsoft Visual Studio\2019\Community\VC\Tools\MSVC\14.29.30133\include\type_traits(1534,67): warning C4244: '인수': '_Ty1'에서 'int'(으)로 변환하면서 데이터가 손실될 수 있습니다.
          with
          [
              _Ty1=unsigned __int64
          ]
  코드를 생성하고 있습니다.
  35 of 53 functions (66.0%) were compiled, the rest were copied from previous compilation.
    34 functions were new in current compilation
    0 functions had inline decision re-evaluated but remain unchanged
  코드를 생성했습니다.
  디버깅 메모리 창 보는연습.vcxproj -> C:\Users\arkchimy\Documents\_Algorithm\C++호기심\What is Variable\디버깅 메모리 창 보는연습\Release\디버깅 메모리 창 보는연습.exe
  'pwsh.exe'은(는) 내부 또는 외부 명령, 실행할 수 있는 프로그램, 또는
  배치 파일이 아닙니다.
